mode: set
github.com/thesimpledev/skvs/internal/encryption/encryption.go:17.42,18.16 1 1
github.com/thesimpledev/skvs/internal/encryption/encryption.go:18.16,20.3 1 1
github.com/thesimpledev/skvs/internal/encryption/encryption.go:22.2,22.20 1 1
github.com/thesimpledev/skvs/internal/encryption/encryption.go:22.20,24.3 1 1
github.com/thesimpledev/skvs/internal/encryption/encryption.go:26.2,26.34 1 1
github.com/thesimpledev/skvs/internal/encryption/encryption.go:29.61,31.16 2 1
github.com/thesimpledev/skvs/internal/encryption/encryption.go:31.16,33.3 1 0
github.com/thesimpledev/skvs/internal/encryption/encryption.go:35.2,36.16 2 1
github.com/thesimpledev/skvs/internal/encryption/encryption.go:36.16,38.3 1 0
github.com/thesimpledev/skvs/internal/encryption/encryption.go:40.2,41.59 2 1
github.com/thesimpledev/skvs/internal/encryption/encryption.go:41.59,43.3 1 0
github.com/thesimpledev/skvs/internal/encryption/encryption.go:45.2,45.50 1 1
github.com/thesimpledev/skvs/internal/encryption/encryption.go:48.61,50.16 2 1
github.com/thesimpledev/skvs/internal/encryption/encryption.go:50.16,52.3 1 0
github.com/thesimpledev/skvs/internal/encryption/encryption.go:54.2,55.16 2 1
github.com/thesimpledev/skvs/internal/encryption/encryption.go:55.16,57.3 1 0
github.com/thesimpledev/skvs/internal/encryption/encryption.go:59.2,59.36 1 1
github.com/thesimpledev/skvs/internal/encryption/encryption.go:59.36,61.3 1 1
github.com/thesimpledev/skvs/internal/encryption/encryption.go:63.2,65.16 3 1
github.com/thesimpledev/skvs/internal/encryption/encryption.go:65.16,67.3 1 1
github.com/thesimpledev/skvs/internal/encryption/encryption.go:69.2,69.23 1 1
github.com/thesimpledev/skvs/cmd/client_cli/main.go:13.13,19.19 5 0
github.com/thesimpledev/skvs/cmd/client_cli/main.go:19.19,22.3 2 0
github.com/thesimpledev/skvs/cmd/client_cli/main.go:24.2,27.19 4 0
github.com/thesimpledev/skvs/cmd/client_cli/main.go:27.19,29.3 1 0
github.com/thesimpledev/skvs/cmd/client_cli/main.go:31.2,32.16 2 0
github.com/thesimpledev/skvs/cmd/client_cli/main.go:32.16,35.3 2 0
github.com/thesimpledev/skvs/cmd/client_cli/main.go:36.2,39.20 3 0
github.com/thesimpledev/skvs/cmd/client_cli/main.go:40.13,41.25 1 0
github.com/thesimpledev/skvs/cmd/client_cli/main.go:42.13,43.25 1 0
github.com/thesimpledev/skvs/cmd/client_cli/main.go:44.16,45.28 1 0
github.com/thesimpledev/skvs/cmd/client_cli/main.go:46.16,47.28 1 0
github.com/thesimpledev/skvs/cmd/client_cli/main.go:48.10,50.13 2 0
github.com/thesimpledev/skvs/cmd/client_cli/main.go:53.2,54.16 2 0
github.com/thesimpledev/skvs/cmd/client_cli/main.go:54.16,56.3 1 0
github.com/thesimpledev/skvs/cmd/client_cli/main.go:57.2,57.10 1 0
github.com/thesimpledev/skvs/cmd/client_cli/main.go:57.10,59.3 1 0
github.com/thesimpledev/skvs/cmd/client_cli/main.go:61.2,65.16 4 0
github.com/thesimpledev/skvs/cmd/client_cli/main.go:65.16,68.3 2 0
github.com/thesimpledev/skvs/cmd/client_cli/main.go:70.2,70.32 1 0
github.com/thesimpledev/skvs/cmd/server/commands.go:3.73,7.9 4 1
github.com/thesimpledev/skvs/cmd/server/commands.go:7.9,9.3 1 1
github.com/thesimpledev/skvs/cmd/server/commands.go:11.2,11.57 1 1
github.com/thesimpledev/skvs/cmd/server/commands.go:11.57,12.11 1 1
github.com/thesimpledev/skvs/cmd/server/commands.go:12.11,14.4 1 1
github.com/thesimpledev/skvs/cmd/server/commands.go:16.3,16.20 1 1
github.com/thesimpledev/skvs/cmd/server/commands.go:17.8,19.3 1 1
github.com/thesimpledev/skvs/cmd/server/commands.go:21.2,21.25 1 1
github.com/thesimpledev/skvs/cmd/server/commands.go:24.38,28.2 3 1
github.com/thesimpledev/skvs/cmd/server/commands.go:30.38,36.2 5 1
github.com/thesimpledev/skvs/cmd/server/commands.go:38.41,41.36 3 1
github.com/thesimpledev/skvs/cmd/server/commands.go:41.36,43.3 1 1
github.com/thesimpledev/skvs/cmd/server/commands.go:45.2,45.25 1 1
github.com/thesimpledev/skvs/cmd/server/main.go:21.13,25.16 3 0
github.com/thesimpledev/skvs/cmd/server/main.go:25.16,28.3 2 0
github.com/thesimpledev/skvs/cmd/server/main.go:30.2,42.16 5 0
github.com/thesimpledev/skvs/cmd/server/main.go:42.16,45.3 2 0
github.com/thesimpledev/skvs/cmd/server/server.go:12.39,16.16 3 0
github.com/thesimpledev/skvs/cmd/server/server.go:16.16,18.3 1 0
github.com/thesimpledev/skvs/cmd/server/server.go:20.2,21.16 2 0
github.com/thesimpledev/skvs/cmd/server/server.go:21.16,23.3 1 0
github.com/thesimpledev/skvs/cmd/server/server.go:24.2,29.19 3 0
github.com/thesimpledev/skvs/cmd/server/server.go:29.19,32.4 2 0
github.com/thesimpledev/skvs/cmd/server/server.go:35.2,35.6 1 0
github.com/thesimpledev/skvs/cmd/server/server.go:35.6,39.17 4 0
github.com/thesimpledev/skvs/cmd/server/server.go:39.17,42.12 3 0
github.com/thesimpledev/skvs/cmd/server/server.go:45.3,48.13 4 0
github.com/thesimpledev/skvs/cmd/server/server.go:48.13,51.4 1 0
github.com/thesimpledev/skvs/cmd/server/server.go:55.97,57.16 2 1
github.com/thesimpledev/skvs/cmd/server/server.go:57.16,59.3 1 0
github.com/thesimpledev/skvs/cmd/server/server.go:60.2,61.16 2 1
github.com/thesimpledev/skvs/cmd/server/server.go:61.16,65.3 3 0
github.com/thesimpledev/skvs/cmd/server/server.go:67.2,68.16 2 1
github.com/thesimpledev/skvs/cmd/server/server.go:68.16,72.3 3 0
github.com/thesimpledev/skvs/cmd/server/server.go:74.2,75.16 2 1
github.com/thesimpledev/skvs/cmd/server/server.go:75.16,79.3 3 0
github.com/thesimpledev/skvs/cmd/server/server.go:81.2,81.56 1 1
github.com/thesimpledev/skvs/cmd/server/server.go:84.99,86.16 2 1
github.com/thesimpledev/skvs/cmd/server/server.go:86.16,89.3 2 0
github.com/thesimpledev/skvs/cmd/server/system.go:10.51,11.38 1 1
github.com/thesimpledev/skvs/cmd/server/system.go:11.38,13.3 1 1
github.com/thesimpledev/skvs/cmd/server/system.go:15.2,32.13 10 1
github.com/thesimpledev/skvs/cmd/server/system.go:33.24,34.41 1 1
github.com/thesimpledev/skvs/cmd/server/system.go:35.24,36.18 1 1
github.com/thesimpledev/skvs/cmd/server/system.go:37.27,38.18 1 1
github.com/thesimpledev/skvs/cmd/server/system.go:39.27,40.21 1 1
github.com/thesimpledev/skvs/cmd/server/system.go:41.10,42.53 1 1
github.com/thesimpledev/skvs/internal/client/client.go:24.46,26.16 2 1
github.com/thesimpledev/skvs/internal/client/client.go:26.16,28.3 1 1
github.com/thesimpledev/skvs/internal/client/client.go:30.2,31.16 2 1
github.com/thesimpledev/skvs/internal/client/client.go:31.16,33.3 1 0
github.com/thesimpledev/skvs/internal/client/client.go:35.2,35.48 1 1
github.com/thesimpledev/skvs/internal/client/client.go:38.26,40.2 1 1
github.com/thesimpledev/skvs/internal/client/client.go:42.107,44.9 2 1
github.com/thesimpledev/skvs/internal/client/client.go:44.9,46.3 1 1
github.com/thesimpledev/skvs/internal/client/client.go:48.2,60.16 10 1
github.com/thesimpledev/skvs/internal/client/client.go:60.16,62.3 1 1
github.com/thesimpledev/skvs/internal/client/client.go:64.2,65.16 2 1
github.com/thesimpledev/skvs/internal/client/client.go:65.16,67.3 1 0
github.com/thesimpledev/skvs/internal/client/client.go:68.2,68.51 1 1
github.com/thesimpledev/skvs/internal/client/client.go:68.51,70.3 1 0
github.com/thesimpledev/skvs/internal/client/client.go:72.2,73.35 2 1
github.com/thesimpledev/skvs/internal/client/client.go:73.35,74.18 1 1
github.com/thesimpledev/skvs/internal/client/client.go:74.18,76.11 2 1
github.com/thesimpledev/skvs/internal/client/client.go:77.29,77.29 0 1
github.com/thesimpledev/skvs/internal/client/client.go:78.22,79.26 1 1
github.com/thesimpledev/skvs/internal/client/client.go:83.3,87.17 4 1
github.com/thesimpledev/skvs/internal/client/client.go:87.17,89.12 2 1
github.com/thesimpledev/skvs/internal/client/client.go:92.3,95.17 3 1
github.com/thesimpledev/skvs/internal/client/client.go:95.17,97.12 2 1
github.com/thesimpledev/skvs/internal/client/client.go:100.3,101.17 2 1
github.com/thesimpledev/skvs/internal/client/client.go:101.17,103.12 2 0
github.com/thesimpledev/skvs/internal/client/client.go:106.3,106.24 1 1
github.com/thesimpledev/skvs/internal/client/client.go:109.2,109.80 1 0
github.com/thesimpledev/skvs/cmd/client_lib/main.go:30.40,32.16 2 1
github.com/thesimpledev/skvs/cmd/client_lib/main.go:32.16,34.3 1 1
github.com/thesimpledev/skvs/cmd/client_lib/main.go:35.2,35.24 1 1
github.com/thesimpledev/skvs/cmd/client_lib/main.go:38.71,40.21 2 1
github.com/thesimpledev/skvs/cmd/client_lib/main.go:41.18,42.25 1 1
github.com/thesimpledev/skvs/cmd/client_lib/main.go:43.18,44.25 1 1
github.com/thesimpledev/skvs/cmd/client_lib/main.go:45.21,46.28 1 1
github.com/thesimpledev/skvs/cmd/client_lib/main.go:47.21,48.28 1 1
github.com/thesimpledev/skvs/cmd/client_lib/main.go:49.10,50.60 1 1
github.com/thesimpledev/skvs/cmd/client_lib/main.go:53.2,54.19 2 1
github.com/thesimpledev/skvs/cmd/client_lib/main.go:54.19,56.3 1 1
github.com/thesimpledev/skvs/cmd/client_lib/main.go:57.2,57.13 1 1
github.com/thesimpledev/skvs/cmd/client_lib/main.go:57.13,59.3 1 1
github.com/thesimpledev/skvs/cmd/client_lib/main.go:61.2,62.16 2 1
github.com/thesimpledev/skvs/cmd/client_lib/main.go:62.16,64.3 1 1
github.com/thesimpledev/skvs/cmd/client_lib/main.go:65.2,65.26 1 1
github.com/thesimpledev/skvs/cmd/client_lib/main.go:68.99,70.2 1 1
github.com/thesimpledev/skvs/cmd/client_lib/main.go:72.71,74.2 1 1
github.com/thesimpledev/skvs/cmd/client_lib/main.go:76.74,78.2 1 1
github.com/thesimpledev/skvs/cmd/client_lib/main.go:80.72,82.16 2 1
github.com/thesimpledev/skvs/cmd/client_lib/main.go:82.16,84.3 1 1
github.com/thesimpledev/skvs/cmd/client_lib/main.go:85.2,85.25 1 1
